<?xml version="1.0" encoding="UTF-8"?>
<testng-results skipped="0" failed="1" ignored="0" total="1" passed="0">
  <reporter-output>
  </reporter-output>
  <suite name="Default Suite" duration-ms="80117" started-at="2018-09-23T14:53:06Z" finished-at="2018-09-23T14:54:26Z">
    <groups>
    </groups>
    <test name="testng-maven" duration-ms="80117" started-at="2018-09-23T14:53:06Z" finished-at="2018-09-23T14:54:26Z">
      <class name="rbc.qa_automation_assignment.AmazonTest">
        <test-method status="PASS" signature="beforeClassTest()[pri:0, instance:rbc.qa_automation_assignment.AmazonTest@2133c8f8]" name="beforeClassTest" is-config="true" duration-ms="52347" started-at="2018-09-23T14:53:06Z" finished-at="2018-09-23T14:53:58Z">
          <reporter-output>
          </reporter-output>
        </test-method> <!-- beforeClassTest -->
        <test-method status="FAIL" signature="test()[pri:0, instance:rbc.qa_automation_assignment.AmazonTest@2133c8f8]" name="test" duration-ms="18787" started-at="2018-09-23T14:53:58Z" finished-at="2018-09-23T14:54:17Z">
          <exception class="java.lang.AssertionError">
            <message>
              <![CDATA[expected [E-mail address or mobile phone numbe] but found [E-mail address or mobile phone number]]]>
            </message>
            <full-stacktrace>
              <![CDATA[java.lang.AssertionError: expected [E-mail address or mobile phone numbe] but found [E-mail address or mobile phone number]
at org.testng.Assert.fail(Assert.java:96)
at org.testng.Assert.failNotEquals(Assert.java:776)
at org.testng.Assert.assertEqualsImpl(Assert.java:137)
at org.testng.Assert.assertEquals(Assert.java:118)
at org.testng.Assert.assertEquals(Assert.java:453)
at org.testng.Assert.assertEquals(Assert.java:463)
at pageClassRepo.AmazonPageClassRepo.verifyEmailMobileLabel(AmazonPageClassRepo.java:112)
at rbc.qa_automation_assignment.AmazonTest.test(AmazonTest.java:38)
at sun.reflect.NativeMethodAccessorImpl.invoke0(Native Method)
at sun.reflect.NativeMethodAccessorImpl.invoke(NativeMethodAccessorImpl.java:62)
at sun.reflect.DelegatingMethodAccessorImpl.invoke(DelegatingMethodAccessorImpl.java:43)
at java.lang.reflect.Method.invoke(Method.java:498)
at org.testng.internal.MethodInvocationHelper.invokeMethod(MethodInvocationHelper.java:124)
at org.testng.internal.Invoker.invokeMethod(Invoker.java:583)
at org.testng.internal.Invoker.invokeTestMethod(Invoker.java:719)
at org.testng.internal.Invoker.invokeTestMethods(Invoker.java:989)
at org.testng.internal.TestMethodWorker.invokeTestMethods(TestMethodWorker.java:125)
at org.testng.internal.TestMethodWorker.run(TestMethodWorker.java:109)
at org.testng.TestRunner.privateRun(TestRunner.java:648)
at org.testng.TestRunner.run(TestRunner.java:505)
at org.testng.SuiteRunner.runTest(SuiteRunner.java:455)
at org.testng.SuiteRunner.runSequentially(SuiteRunner.java:450)
at org.testng.SuiteRunner.privateRun(SuiteRunner.java:415)
at org.testng.SuiteRunner.run(SuiteRunner.java:364)
at org.testng.SuiteRunnerWorker.runSuite(SuiteRunnerWorker.java:52)
at org.testng.SuiteRunnerWorker.run(SuiteRunnerWorker.java:84)
at org.testng.TestNG.runSuitesSequentially(TestNG.java:1208)
at org.testng.TestNG.runSuitesLocally(TestNG.java:1137)
at org.testng.TestNG.runSuites(TestNG.java:1049)
at org.testng.TestNG.run(TestNG.java:1017)
at org.testng.IDEARemoteTestNG.run(IDEARemoteTestNG.java:72)
at org.testng.RemoteTestNGStarter.main(RemoteTestNGStarter.java:123)
]]>
            </full-stacktrace>
          </exception> <!-- java.lang.AssertionError -->
          <reporter-output>
          </reporter-output>
        </test-method> <!-- test -->
        <test-method status="PASS" signature="afterClassTest()[pri:0, instance:rbc.qa_automation_assignment.AmazonTest@2133c8f8]" name="afterClassTest" is-config="true" duration-ms="8770" started-at="2018-09-23T14:54:17Z" finished-at="2018-09-23T14:54:26Z">
          <reporter-output>
          </reporter-output>
        </test-method> <!-- afterClassTest -->
      </class> <!-- rbc.qa_automation_assignment.AmazonTest -->
    </test> <!-- testng-maven -->
  </suite> <!-- Default Suite -->
</testng-results>
